<?xml version="1.0" encoding="UTF-8"?>
<!-- Generated by org.testng.reporters.JUnitReportReporter -->
<testsuite hostname="LAPTOP-9IT6QDHO" failures="0" tests="5" name="testPages.TestSearchCustPage" time="107.530" errors="0" timestamp="2023-01-29T10:32:43 IST" skipped="0">
  <testcase classname="testPages.TestSearchCustPage" name="verifySearchCustPageTitle" time="37.001"/>
  <system-out/>
  <testcase classname="testPages.TestSearchCustPage" name="verifySearchCustPageLabel" time="12.644"/>
  <system-out/>
  <testcase classname="testPages.TestSearchCustPage" name="enterDetailsToSearchCust" time="15.439"/>
  <system-out/>
  <testcase classname="testPages.TestSearchCustPage" name="enterDetailsToSearchCust" time="23.194"/>
  <system-out/>
  <testcase classname="testPages.TestSearchCustPage" name="enterDetailsToSearchCust" time="19.252"/>
  <system-out/>
</testsuite> <!-- testPages.TestSearchCustPage -->
