<?xml version="1.0" encoding="UTF-8"?>
<!-- Generated by org.testng.reporters.JUnitReportReporter -->
<testsuite hostname="LAPTOP-9IT6QDHO" failures="0" tests="1" name="testPages.TestAddCustPage" time="67.347" errors="0" timestamp="2023-01-30T13:19:51 IST" skipped="0">
  <testcase classname="testPages.TestAddCustPage" name="enterDetailsToAddCust" time="67.347"/>
  <system-out/>
</testsuite> <!-- testPages.TestAddCustPage -->
