<?xml version="1.0" encoding="UTF-8"?>
<!-- Generated by org.testng.reporters.JUnitReportReporter -->
<testsuite hostname="LAPTOP-9IT6QDHO" failures="0" tests="1" name="testPages.TestHomePage" time="22.749" errors="0" timestamp="2023-01-20T14:28:08 IST" skipped="0">
  <testcase classname="testPages.TestHomePage" name="ClickOnContaactsLinkAnnEnter" time="22.749"/>
  <system-out/>
</testsuite> <!-- testPages.TestHomePage -->
